<?xml version="1.0" encoding="UTF-8"?>
<!-- Generated by org.testng.reporters.JUnitXMLReporter -->
<testsuite hostname="EP1WW7U1008" ignored="0" name="TestAll" tests="3" failures="0" timestamp="26 Sep 2018 14:03:52 GMT" time="85.306" errors="0">
  <testcase name="manageProfileTest" time="23.335" classname="com.eshot.qa.testcases.ManageProfileTest"/>
  <testcase name="doubleSignupForm" time="27.647" classname="com.eshot.qa.testcases.SignUpFormTest"/>
  <testcase name="AddUserTest" time="6.227" classname="com.eshot.qa.testcases.AddDeleteUserTest"/>
</testsuite> <!-- TestAll -->
