<?xml version="1.0" encoding="UTF-8"?>
<!-- Generated by org.testng.reporters.JUnitXMLReporter -->
<testsuite hostname="EP1WW7U1008" ignored="0" name="Notifications" tests="2" failures="0" timestamp="25 Oct 2018 15:39:53 GMT" time="283.622" errors="0">
  <testcase name="CreateSMSMessageTest" time="125.534" classname="com.eshot.qa.testcases.Notifications"/>
  <testcase name="InsufficientSMScreditsNotification" time="54.15" classname="com.eshot.qa.testcases.Notifications"/>
</testsuite> <!-- Notifications -->
