<?xml version="1.0" encoding="UTF-8"?>
<!-- Generated by org.testng.reporters.JUnitXMLReporter -->
<testsuite hostname="EP1WW7U1008" ignored="0" name="AddUser Tests" tests="3" failures="0" timestamp="05 Dec 2018 16:42:37 GMT" time="156.763" errors="0">
  <testcase name="AddNewUserTest" time="26.09" classname="com.eshot.qa.testcases.AddDeleteUserTest"/>
  <testcase name="CreateExistingUserTest" time="37.967" classname="com.eshot.qa.testcases.AddDeleteUserTest"/>
  <testcase name="DeleteUserTest" time="29.071" classname="com.eshot.qa.testcases.AddDeleteUserTest"/>
</testsuite> <!-- AddUser Tests -->
