<?xml version="1.0" encoding="UTF-8"?>
<!-- Generated by org.testng.reporters.JUnitXMLReporter -->
<testsuite hostname="EP1WW7U1008" ignored="0" name="Manage Profile Tests" tests="4" failures="0" timestamp="31 Oct 2018 17:18:48 GMT" time="275.678" errors="0">
  <testcase name="CreateMessageTest" time="89.076" classname="com.eshot.qa.testcases.ManageProfileE2ENewTest"/>
  <testcase name="CreateManageProfileTest" time="34.524" classname="com.eshot.qa.testcases.ManageProfileE2ENewTest"/>
  <testcase name="CreateCampaign" time="27.76" classname="com.eshot.qa.testcases.ManageProfileE2ENewTest"/>
  <testcase name="CheckMail" time="67.282" classname="com.eshot.qa.testcases.ManageProfileE2ENewTest"/>
</testsuite> <!-- Manage Profile Tests -->
