<?xml version="1.0" encoding="UTF-8"?>
<!-- Generated by org.testng.reporters.JUnitXMLReporter -->
<testsuite hostname="EP1WW7U1008" ignored="0" name="SignUpForm Tests" tests="4" failures="0" timestamp="10 Dec 2018 11:15:45 GMT" time="348.161" errors="0">
  <testcase name="CreateSingleSignupForm" time="87.526" classname="com.eshot.qa.testcases.SignUpFormTest"/>
  <testcase name="CloneSingleSignupForm" time="34.5" classname="com.eshot.qa.testcases.SignUpFormTest"/>
  <testcase name="CreateDoubleSignupForm" time="107.432" classname="com.eshot.qa.testcases.SignUpFormTest"/>
  <testcase name="CloneDoubleSignupForm" time="35.109" classname="com.eshot.qa.testcases.SignUpFormTest"/>
</testsuite> <!-- SignUpForm Tests -->
